Determining if the pthread_create exist failed with the following output:
Change Dir: /home/jinye/projects/catkin_test/build/CMakeFiles/CMakeTmp

Run Build Command:"/usr/bin/make" "cmTC_af0ce/fast"
/usr/bin/make -f CMakeFiles/cmTC_af0ce.dir/build.make CMakeFiles/cmTC_af0ce.dir/build
make[1]: Entering directory '/home/jinye/projects/catkin_test/build/CMakeFiles/CMakeTmp'
Building C object CMakeFiles/cmTC_af0ce.dir/CheckSymbolExists.c.o
/usr/bin/cc     -o CMakeFiles/cmTC_af0ce.dir/CheckSymbolExists.c.o   -c /home/jinye/projects/catkin_test/build/CMakeFiles/CMakeTmp/CheckSymbolExists.c
Linking C executable cmTC_af0ce
/usr/bin/cmake -E cmake_link_script CMakeFiles/cmTC_af0ce.dir/link.txt --verbose=1
/usr/bin/cc       CMakeFiles/cmTC_af0ce.dir/CheckSymbolExists.c.o  -o cmTC_af0ce -rdynamic 
CMakeFiles/cmTC_af0ce.dir/CheckSymbolExists.c.o: In function `main':
CheckSymbolExists.c:(.text+0x16): undefined reference to `pthread_create'
collect2: error: ld returned 1 exit status
CMakeFiles/cmTC_af0ce.dir/build.make:97: recipe for target 'cmTC_af0ce' failed
make[1]: *** [cmTC_af0ce] Error 1
make[1]: Leaving directory '/home/jinye/projects/catkin_test/build/CMakeFiles/CMakeTmp'
Makefile:126: recipe for target 'cmTC_af0ce/fast' failed
make: *** [cmTC_af0ce/fast] Error 2

File /home/jinye/projects/catkin_test/build/CMakeFiles/CMakeTmp/CheckSymbolExists.c:
/* */
#include <pthread.h>

int main(int argc, char** argv)
{
  (void)argv;
#ifndef pthread_create
  return ((int*)(&pthread_create))[argc];
#else
  (void)argc;
  return 0;
#endif
}

Determining if the function pthread_create exists in the pthreads failed with the following output:
Change Dir: /home/jinye/projects/catkin_test/build/CMakeFiles/CMakeTmp

Run Build Command:"/usr/bin/make" "cmTC_92484/fast"
/usr/bin/make -f CMakeFiles/cmTC_92484.dir/build.make CMakeFiles/cmTC_92484.dir/build
make[1]: Entering directory '/home/jinye/projects/catkin_test/build/CMakeFiles/CMakeTmp'
Building C object CMakeFiles/cmTC_92484.dir/CheckFunctionExists.c.o
/usr/bin/cc    -DCHECK_FUNCTION_EXISTS=pthread_create   -o CMakeFiles/cmTC_92484.dir/CheckFunctionExists.c.o   -c /usr/share/cmake-3.5/Modules/CheckFunctionExists.c
Linking C executable cmTC_92484
/usr/bin/cmake -E cmake_link_script CMakeFiles/cmTC_92484.dir/link.txt --verbose=1
/usr/bin/cc   -DCHECK_FUNCTION_EXISTS=pthread_create    CMakeFiles/cmTC_92484.dir/CheckFunctionExists.c.o  -o cmTC_92484 -rdynamic -lpthreads 
/usr/bin/ld: cannot find -lpthreads
collect2: error: ld returned 1 exit status
CMakeFiles/cmTC_92484.dir/build.make:97: recipe for target 'cmTC_92484' failed
make[1]: *** [cmTC_92484] Error 1
make[1]: Leaving directory '/home/jinye/projects/catkin_test/build/CMakeFiles/CMakeTmp'
Makefile:126: recipe for target 'cmTC_92484/fast' failed
make: *** [cmTC_92484/fast] Error 2


